<?xml version="1.0" encoding="UTF-8"?>
<!-- Generated by org.testng.reporters.JUnitReportReporter -->
<testsuite hostname="LAPTOP-0TH2U9N4" failures="0" tests="1" name="basicsSelenium.SelFirstScript" time="12.733" errors="0" timestamp="2024-06-15T22:55:49 IST" skipped="0">
  <testcase classname="basicsSelenium.SelFirstScript" name="test" time="12.733"/>
</testsuite> <!-- basicsSelenium.SelFirstScript -->
