<?xml version="1.0" encoding="UTF-8"?>
<!-- Generated by org.testng.reporters.JUnitReportReporter -->
<testsuite hostname="LAPTOP-0TH2U9N4" failures="0" tests="1" name="basicsSelenium.CustomXpathPart2" time="21.525" errors="0" timestamp="2024-06-12T20:04:18 IST" skipped="0">
  <testcase classname="basicsSelenium.CustomXpathPart2" name="test" time="21.525"/>
</testsuite> <!-- basicsSelenium.CustomXpathPart2 -->
