<?xml version="1.0" encoding="UTF-8"?>
<!-- Generated by org.testng.reporters.JUnitReportReporter -->
<testsuite hostname="LAPTOP-0TH2U9N4" failures="0" tests="1" name="generateLogs.TestLogs4jxml" time="2.072" errors="0" timestamp="2025-03-09T14:36:07 IST" skipped="0">
  <testcase classname="generateLogs.TestLogs4jxml" name="verifyLoginPage" time="2.072"/>
</testsuite> <!-- generateLogs.TestLogs4jxml -->
