<?xml version="1.0" encoding="UTF-8"?>
<!-- Generated by org.testng.reporters.JUnitReportReporter -->
<testsuite hostname="LAPTOP-0TH2U9N4" failures="0" tests="1" name="basicsSelenium.LocatorsPart1" time="25.041" errors="0" timestamp="2024-06-10T23:09:35 IST" skipped="0">
  <testcase classname="basicsSelenium.LocatorsPart1" name="f" time="25.041"/>
</testsuite> <!-- basicsSelenium.LocatorsPart1 -->
