<?xml version="1.0" encoding="UTF-8"?>
<!-- Generated by org.testng.reporters.JUnitReportReporter -->
<testsuite hostname="LAPTOP-0TH2U9N4" failures="0" tests="1" name="basicsSelenium.AlertPopupHandle" time="21.529" errors="0" timestamp="2024-06-12T21:55:14 IST" skipped="0">
  <testcase classname="basicsSelenium.AlertPopupHandle" name="test" time="21.529"/>
</testsuite> <!-- basicsSelenium.AlertPopupHandle -->
